Starting a Gradle Daemon, 4 stopped Daemons could not be reused, use --status for details
Warning: SDK processing. This version only understands SDK XML versions up to 3 but an SDK XML file of version 4 was encountered. This can happen if you use versions of Android Studio and the command-line tools that were released at different times.
> Task :app:preBuild UP-TO-DATE
> Task :app:preDebugBuild UP-TO-DATE
> Task :app:mergeDebugNativeDebugMetadata NO-SOURCE
> Task :app:checkKotlinGradlePluginConfigurationErrors
> Task :app:generateDebugResValues
> Task :app:checkDebugAarMetadata
> Task :app:mapDebugSourceSetPaths
> Task :app:generateDebugResources
> Task :app:packageDebugResources
> Task :app:createDebugCompatibleScreenManifests
> Task :app:extractDeepLinksDebug
> Task :app:parseDebugLocalResources
> Task :app:mergeDebugResources
> Task :app:processDebugMainManifest
> Task :app:processDebugManifest
> Task :app:javaPreCompileDebug
> Task :app:mergeDebugShaders
> Task :app:compileDebugShaders NO-SOURCE
> Task :app:generateDebugAssets UP-TO-DATE
> Task :app:mergeDebugAssets
> Task :app:compressDebugAssets
> Task :app:desugarDebugFileDependencies
> Task :app:mergeDebugJniLibFolders
> Task :app:checkDebugDuplicateClasses
> Task :app:mergeLibDexDebug
> Task :app:validateSigningDebug
> Task :app:writeDebugAppMetadata
> Task :app:writeDebugSigningConfigVersions
> Task :app:processDebugManifestForPackage
> Task :app:mergeDebugNativeLibs

> Task :app:stripDebugDebugSymbols
Unable to strip the following libraries, packaging them as they are: libbarhopper_v3.so, libimage_processing_util_jni.so, libmlkit_google_ocr_pipeline.so, libsqlcipher.so.

> Task :app:processDebugResources
> Task :app:mergeExtDexDebug
> Task :app:kspDebugKotlin
> Task :app:compileDebugKotlin
w: file:///C:/Users/Usuario/Documents/Javier%20Frias/Antigravity/aegis%20core/app/src/main/java/com/antigravity/aegis/data/di/DatabaseModule.kt:25:9 Parameter 'keyManager' is never used
w: file:///C:/Users/Usuario/Documents/Javier%20Frias/Antigravity/aegis%20core/app/src/main/java/com/antigravity/aegis/data/repository/AuthRepositoryImpl.kt:147:18 Variable 'iv' is never used
w: file:///C:/Users/Usuario/Documents/Javier%20Frias/Antigravity/aegis%20core/app/src/main/java/com/antigravity/aegis/domain/expenses/ExportManager.kt:17:70 Parameter 'startDate' is never used
w: file:///C:/Users/Usuario/Documents/Javier%20Frias/Antigravity/aegis%20core/app/src/main/java/com/antigravity/aegis/domain/expenses/ExportManager.kt:17:87 Parameter 'endDate' is never used
w: file:///C:/Users/Usuario/Documents/Javier%20Frias/Antigravity/aegis%20core/app/src/main/java/com/antigravity/aegis/domain/expenses/OcrManager.kt:63:27 Type mismatch: inferred type is String? but String was expected
w: file:///C:/Users/Usuario/Documents/Javier%20Frias/Antigravity/aegis%20core/app/src/main/java/com/antigravity/aegis/presentation/MainScreen.kt:27:9 Variable 'navController' is never used
w: file:///C:/Users/Usuario/Documents/Javier%20Frias/Antigravity/aegis%20core/app/src/main/java/com/antigravity/aegis/presentation/common/ImportDialogs.kt:12:5 Parameter 'state' is never used
w: file:///C:/Users/Usuario/Documents/Javier%20Frias/Antigravity/aegis%20core/app/src/main/java/com/antigravity/aegis/presentation/common/ImportDialogs.kt:13:5 Parameter 'onDismiss' is never used
w: file:///C:/Users/Usuario/Documents/Javier%20Frias/Antigravity/aegis%20core/app/src/main/java/com/antigravity/aegis/presentation/common/ImportDialogs.kt:14:5 Parameter 'onConfirmWipe' is never used
w: file:///C:/Users/Usuario/Documents/Javier%20Frias/Antigravity/aegis%20core/app/src/main/java/com/antigravity/aegis/presentation/crm/ClientDetailScreen.kt:83:21 'Divider(Modifier = ..., Dp = ..., Color = ...): Unit' is deprecated. Renamed to HorizontalDivider
w: file:///C:/Users/Usuario/Documents/Javier%20Frias/Antigravity/aegis%20core/app/src/main/java/com/antigravity/aegis/presentation/crm/ClientListScreen.kt:105:17 'Divider(Modifier = ..., Dp = ..., Color = ...): Unit' is deprecated. Renamed to HorizontalDivider
w: file:///C:/Users/Usuario/Documents/Javier%20Frias/Antigravity/aegis%20core/app/src/main/java/com/antigravity/aegis/presentation/crm/CreateQuoteScreen.kt:40:44 'ArrowBack: ImageVector' is deprecated. Use the AutoMirrored version at Icons.AutoMirrored.Filled.ArrowBack
w: file:///C:/Users/Usuario/Documents/Javier%20Frias/Antigravity/aegis%20core/app/src/main/java/com/antigravity/aegis/presentation/crm/CrmViewModel.kt:155:17 Variable 'client' is never used
w: file:///C:/Users/Usuario/Documents/Javier%20Frias/Antigravity/aegis%20core/app/src/main/java/com/antigravity/aegis/presentation/crm/CrmViewModel.kt:161:27 Variable 'pdfFile' is never used
w: file:///C:/Users/Usuario/Documents/Javier%20Frias/Antigravity/aegis%20core/app/src/main/java/com/antigravity/aegis/presentation/crm/ProjectDetailScreen.kt:63:22 'Divider(Modifier = ..., Dp = ..., Color = ...): Unit' is deprecated. Renamed to HorizontalDivider
w: file:///C:/Users/Usuario/Documents/Javier%20Frias/Antigravity/aegis%20core/app/src/main/java/com/antigravity/aegis/presentation/crm/ProjectDetailScreen.kt:90:21 'Divider(Modifier = ..., Dp = ..., Color = ...): Unit' is deprecated. Renamed to HorizontalDivider
w: file:///C:/Users/Usuario/Documents/Javier%20Frias/Antigravity/aegis%20core/app/src/main/java/com/antigravity/aegis/presentation/crm/QuoteKanbanScreen.kt:109:44 'ArrowBack: ImageVector' is deprecated. Use the AutoMirrored version at Icons.AutoMirrored.Filled.ArrowBack
w: file:///C:/Users/Usuario/Documents/Javier%20Frias/Antigravity/aegis%20core/app/src/main/java/com/antigravity/aegis/presentation/crm/QuoteKanbanViewModel.kt:149:21 Variable 'intent' is never used
w: file:///C:/Users/Usuario/Documents/Javier%20Frias/Antigravity/aegis%20core/app/src/main/java/com/antigravity/aegis/presentation/expenses/ExpensesScreen.kt:43:5 Parameter 'onNavigateBack' is never used
w: file:///C:/Users/Usuario/Documents/Javier%20Frias/Antigravity/aegis%20core/app/src/main/java/com/antigravity/aegis/presentation/inventory/InventoryScreen.kt:104:44 'ArrowBack: ImageVector' is deprecated. Use the AutoMirrored version at Icons.AutoMirrored.Filled.ArrowBack
w: file:///C:/Users/Usuario/Documents/Javier%20Frias/Antigravity/aegis%20core/app/src/main/java/com/antigravity/aegis/presentation/mileage/MileageScreen.kt:42:9 Variable 'exportStatus' is never used
w: file:///C:/Users/Usuario/Documents/Javier%20Frias/Antigravity/aegis%20core/app/src/main/java/com/antigravity/aegis/presentation/mileage/MileageScreen.kt:124:44 'ArrowBack: ImageVector' is deprecated. Use the AutoMirrored version at Icons.AutoMirrored.Filled.ArrowBack
w: file:///C:/Users/Usuario/Documents/Javier%20Frias/Antigravity/aegis%20core/app/src/main/java/com/antigravity/aegis/presentation/reports/CreateReportScreen.kt:23:5 Parameter 'projectId' is never used
w: file:///C:/Users/Usuario/Documents/Javier%20Frias/Antigravity/aegis%20core/app/src/main/java/com/antigravity/aegis/presentation/reports/CreateReportScreen.kt:33:9 Variable 'photoUri' is never used
w: file:///C:/Users/Usuario/Documents/Javier%20Frias/Antigravity/aegis%20core/app/src/main/java/com/antigravity/aegis/presentation/reports/SignatureCanvas.kt:31:5 Parameter 'onSignatureChanged' is never used
w: file:///C:/Users/Usuario/Documents/Javier%20Frias/Antigravity/aegis%20core/app/src/main/java/com/antigravity/aegis/presentation/reports/SignatureCanvas.kt:53:20 Parameter 'view' is never used, could be renamed to _
w: file:///C:/Users/Usuario/Documents/Javier%20Frias/Antigravity/aegis%20core/app/src/main/java/com/antigravity/aegis/presentation/reports/SignatureCanvas.kt:115:17 'invalidate(Int, Int, Int, Int): Unit' is deprecated. Deprecated in Java
w: file:///C:/Users/Usuario/Documents/Javier%20Frias/Antigravity/aegis%20core/app/src/main/java/com/antigravity/aegis/presentation/settings/SettingsScreen.kt:68:44 'ArrowBack: ImageVector' is deprecated. Use the AutoMirrored version at Icons.AutoMirrored.Filled.ArrowBack

> Task :app:compileDebugJavaWithJavac
warning: [options] source value 8 is obsolete and will be removed in a future release
warning: [options] target value 8 is obsolete and will be removed in a future release
warning: [options] To suppress warnings about obsolete options, use -Xlint:-options.
3 warnings

> Task :app:hiltAggregateDepsDebug

> Task :app:hiltJavaCompileDebug
warning: [options] source value 8 is obsolete and will be removed in a future release
warning: [options] target value 8 is obsolete and will be removed in a future release
warning: [options] To suppress warnings about obsolete options, use -Xlint:-options.
3 warnings

> Task :app:processDebugJavaRes
> Task :app:transformDebugClassesWithAsm
> Task :app:mergeDebugJavaResource
> Task :app:dexBuilderDebug
> Task :app:mergeProjectDexDebug
> Task :app:packageDebug
> Task :app:createDebugApkListingFileRedirect
> Task :app:assembleDebug

BUILD SUCCESSFUL in 1m 43s
39 actionable tasks: 39 executed
